Analysis & Synthesis report for LogicalStep_Lab3_top
Sat Jun 29 16:03:12 2019
Quartus Prime Version 15.1.0 Build 185 10/21/2015 SJ Standard Edition


---------------------
; Table of Contents ;
---------------------
  1. Legal Notice
  2. Analysis & Synthesis Summary
  3. Analysis & Synthesis Settings
  4. Parallel Compilation
  5. Analysis & Synthesis Source Files Read
  6. Analysis & Synthesis Resource Usage Summary
  7. Analysis & Synthesis Resource Utilization by Entity
  8. General Register Statistics
  9. Post-Synthesis Netlist Statistics for Top Partition
 10. Elapsed Time Per Partition
 11. Analysis & Synthesis Messages



----------------
; Legal Notice ;
----------------
Copyright (C) 1991-2015 Altera Corporation. All rights reserved.
Your use of Altera Corporation's design tools, logic functions 
and other software and tools, and its AMPP partner logic 
functions, and any output files from any of the foregoing 
(including device programming or simulation files), and any 
associated documentation or information are expressly subject 
to the terms and conditions of the Altera Program License 
Subscription Agreement, the Altera Quartus Prime License Agreement,
the Altera MegaCore Function License Agreement, or other 
applicable license agreement, including, without limitation, 
that your use is for the sole purpose of programming logic 
devices manufactured by Altera and sold by Altera or its 
authorized distributors.  Please refer to the applicable 
agreement for further details.



+--------------------------------------------------------------------------------------+
; Analysis & Synthesis Summary                                                         ;
+------------------------------------+-------------------------------------------------+
; Analysis & Synthesis Status        ; Successful - Sat Jun 29 16:03:12 2019           ;
; Quartus Prime Version              ; 15.1.0 Build 185 10/21/2015 SJ Standard Edition ;
; Revision Name                      ; LogicalStep_Lab3_top                            ;
; Top-level Entity Name              ; LogicalStep_Lab3_top                            ;
; Family                             ; MAX 10                                          ;
; Total logic elements               ; 59                                              ;
;     Total combinational functions  ; 59                                              ;
;     Dedicated logic registers      ; 11                                              ;
; Total registers                    ; 11                                              ;
; Total pins                         ; 30                                              ;
; Total virtual pins                 ; 0                                               ;
; Total memory bits                  ; 0                                               ;
; Embedded Multiplier 9-bit elements ; 0                                               ;
; Total PLLs                         ; 0                                               ;
; UFM blocks                         ; 0                                               ;
; ADC blocks                         ; 0                                               ;
+------------------------------------+-------------------------------------------------+


+--------------------------------------------------------------------------------------------------------------------------+
; Analysis & Synthesis Settings                                                                                            ;
+----------------------------------------------------------------------------+----------------------+----------------------+
; Option                                                                     ; Setting              ; Default Value        ;
+----------------------------------------------------------------------------+----------------------+----------------------+
; Device                                                                     ; 10M08SAE144C8G       ;                      ;
; Top-level entity name                                                      ; LogicalStep_Lab3_top ; LogicalStep_Lab3_top ;
; Family name                                                                ; MAX 10               ; Cyclone V            ;
; Use smart compilation                                                      ; Off                  ; Off                  ;
; Enable parallel Assembler and TimeQuest Timing Analyzer during compilation ; On                   ; On                   ;
; Enable compact report table                                                ; Off                  ; Off                  ;
; Restructure Multiplexers                                                   ; Auto                 ; Auto                 ;
; Create Debugging Nodes for IP Cores                                        ; Off                  ; Off                  ;
; Preserve fewer node names                                                  ; On                   ; On                   ;
; Disable OpenCore Plus hardware evaluation                                  ; Off                  ; Off                  ;
; Verilog Version                                                            ; Verilog_2001         ; Verilog_2001         ;
; VHDL Version                                                               ; VHDL_1993            ; VHDL_1993            ;
; State Machine Processing                                                   ; Auto                 ; Auto                 ;
; Safe State Machine                                                         ; Off                  ; Off                  ;
; Extract Verilog State Machines                                             ; On                   ; On                   ;
; Extract VHDL State Machines                                                ; On                   ; On                   ;
; Ignore Verilog initial constructs                                          ; Off                  ; Off                  ;
; Iteration limit for constant Verilog loops                                 ; 5000                 ; 5000                 ;
; Iteration limit for non-constant Verilog loops                             ; 250                  ; 250                  ;
; Add Pass-Through Logic to Inferred RAMs                                    ; On                   ; On                   ;
; Infer RAMs from Raw Logic                                                  ; On                   ; On                   ;
; Parallel Synthesis                                                         ; On                   ; On                   ;
; DSP Block Balancing                                                        ; Auto                 ; Auto                 ;
; NOT Gate Push-Back                                                         ; On                   ; On                   ;
; Power-Up Don't Care                                                        ; On                   ; On                   ;
; Remove Redundant Logic Cells                                               ; Off                  ; Off                  ;
; Remove Duplicate Registers                                                 ; On                   ; On                   ;
; Ignore CARRY Buffers                                                       ; Off                  ; Off                  ;
; Ignore CASCADE Buffers                                                     ; Off                  ; Off                  ;
; Ignore GLOBAL Buffers                                                      ; Off                  ; Off                  ;
; Ignore ROW GLOBAL Buffers                                                  ; Off                  ; Off                  ;
; Ignore LCELL Buffers                                                       ; Off                  ; Off                  ;
; Ignore SOFT Buffers                                                        ; On                   ; On                   ;
; Limit AHDL Integers to 32 Bits                                             ; Off                  ; Off                  ;
; Optimization Technique                                                     ; Balanced             ; Balanced             ;
; Carry Chain Length                                                         ; 70                   ; 70                   ;
; Auto Carry Chains                                                          ; On                   ; On                   ;
; Auto Open-Drain Pins                                                       ; On                   ; On                   ;
; Perform WYSIWYG Primitive Resynthesis                                      ; Off                  ; Off                  ;
; Auto ROM Replacement                                                       ; On                   ; On                   ;
; Auto RAM Replacement                                                       ; On                   ; On                   ;
; Auto DSP Block Replacement                                                 ; On                   ; On                   ;
; Auto Shift Register Replacement                                            ; Auto                 ; Auto                 ;
; Allow Shift Register Merging across Hierarchies                            ; Auto                 ; Auto                 ;
; Auto Clock Enable Replacement                                              ; On                   ; On                   ;
; Strict RAM Replacement                                                     ; Off                  ; Off                  ;
; Allow Synchronous Control Signals                                          ; On                   ; On                   ;
; Force Use of Synchronous Clear Signals                                     ; Off                  ; Off                  ;
; Auto RAM Block Balancing                                                   ; On                   ; On                   ;
; Auto RAM to Logic Cell Conversion                                          ; Off                  ; Off                  ;
; Auto Resource Sharing                                                      ; Off                  ; Off                  ;
; Allow Any RAM Size For Recognition                                         ; Off                  ; Off                  ;
; Allow Any ROM Size For Recognition                                         ; Off                  ; Off                  ;
; Allow Any Shift Register Size For Recognition                              ; Off                  ; Off                  ;
; Use LogicLock Constraints during Resource Balancing                        ; On                   ; On                   ;
; Ignore translate_off and synthesis_off directives                          ; Off                  ; Off                  ;
; Timing-Driven Synthesis                                                    ; On                   ; On                   ;
; Report Parameter Settings                                                  ; On                   ; On                   ;
; Report Source Assignments                                                  ; On                   ; On                   ;
; Report Connectivity Checks                                                 ; On                   ; On                   ;
; Ignore Maximum Fan-Out Assignments                                         ; Off                  ; Off                  ;
; Synchronization Register Chain Length                                      ; 2                    ; 2                    ;
; PowerPlay Power Optimization During Synthesis                              ; Normal compilation   ; Normal compilation   ;
; HDL message level                                                          ; Level2               ; Level2               ;
; Suppress Register Optimization Related Messages                            ; Off                  ; Off                  ;
; Number of Removed Registers Reported in Synthesis Report                   ; 5000                 ; 5000                 ;
; Number of Swept Nodes Reported in Synthesis Report                         ; 5000                 ; 5000                 ;
; Number of Inverted Registers Reported in Synthesis Report                  ; 100                  ; 100                  ;
; Clock MUX Protection                                                       ; On                   ; On                   ;
; Auto Gated Clock Conversion                                                ; Off                  ; Off                  ;
; Block Design Naming                                                        ; Auto                 ; Auto                 ;
; SDC constraint protection                                                  ; Off                  ; Off                  ;
; Synthesis Effort                                                           ; Auto                 ; Auto                 ;
; Shift Register Replacement - Allow Asynchronous Clear Signal               ; On                   ; On                   ;
; Pre-Mapping Resynthesis Optimization                                       ; Off                  ; Off                  ;
; Analysis & Synthesis Message Level                                         ; Medium               ; Medium               ;
; Disable Register Merging Across Hierarchies                                ; Auto                 ; Auto                 ;
; Resource Aware Inference For Block RAM                                     ; On                   ; On                   ;
; Synthesis Seed                                                             ; 1                    ; 1                    ;
+----------------------------------------------------------------------------+----------------------+----------------------+


+------------------------------------------+
; Parallel Compilation                     ;
+----------------------------+-------------+
; Processors                 ; Number      ;
+----------------------------+-------------+
; Number detected on machine ; 4           ;
; Maximum allowed            ; 2           ;
;                            ;             ;
; Average used               ; 1.00        ;
; Maximum used               ; 2           ;
;                            ;             ;
; Usage by Processor         ; % Time Used ;
;     Processor 1            ; 100.0%      ;
;     Processor 2            ; < 0.1%      ;
+----------------------------+-------------+


+-------------------------------------------------------------------------------------------------------------------------------------------------------------------+
; Analysis & Synthesis Source Files Read                                                                                                                            ;
+-----------------------------------------------+-----------------+-----------------------+---------------------------------------------------------------+---------+
; File Name with User-Entered Path              ; Used in Netlist ; File Type             ; File Name with Absolute Path                                  ; Library ;
+-----------------------------------------------+-----------------+-----------------------+---------------------------------------------------------------+---------+
; LogicalStep_Lab3_top.vhd                      ; yes             ; User VHDL File        ; N:/ECE-124/Lab3/LogicalStep_Lab3_top.vhd                      ;         ;
; segment7_mux.vhd                              ; yes             ; User VHDL File        ; N:/ECE-124/Lab3/segment7_mux.vhd                              ;         ;
; SevenSegment.vhd                              ; yes             ; User VHDL File        ; N:/ECE-124/Lab3/SevenSegment.vhd                              ;         ;
; Four_Bit_Comparator.vhd                       ; yes             ; User VHDL File        ; N:/ECE-124/Lab3/Four_Bit_Comparator.vhd                       ;         ;
; output_files/Desired_Temp_Mux.vhd             ; yes             ; User VHDL File        ; N:/ECE-124/Lab3/output_files/Desired_Temp_Mux.vhd             ;         ;
; output_files/Energy_Monitor_Control_Logic.vhd ; yes             ; User VHDL File        ; N:/ECE-124/Lab3/output_files/Energy_Monitor_Control_Logic.vhd ;         ;
; single_bit_comparator.vhd                     ; yes             ; Auto-Found VHDL File  ; N:/ECE-124/Lab3/single_bit_comparator.vhd                     ;         ;
+-----------------------------------------------+-----------------+-----------------------+---------------------------------------------------------------+---------+


+-----------------------------------------------------------+
; Analysis & Synthesis Resource Usage Summary               ;
+---------------------------------------------+-------------+
; Resource                                    ; Usage       ;
+---------------------------------------------+-------------+
; Estimated Total logic elements              ; 59          ;
;                                             ;             ;
; Total combinational functions               ; 59          ;
; Logic element usage by number of LUT inputs ;             ;
;     -- 4 input functions                    ; 29          ;
;     -- 3 input functions                    ; 16          ;
;     -- <=2 input functions                  ; 14          ;
;                                             ;             ;
; Logic elements by mode                      ;             ;
;     -- normal mode                          ; 50          ;
;     -- arithmetic mode                      ; 9           ;
;                                             ;             ;
; Total registers                             ; 11          ;
;     -- Dedicated logic registers            ; 11          ;
;     -- I/O registers                        ; 0           ;
;                                             ;             ;
; I/O pins                                    ; 30          ;
;                                             ;             ;
; Embedded Multiplier 9-bit elements          ; 0           ;
;                                             ;             ;
; Maximum fan-out node                        ; sw[2]~input ;
; Maximum fan-out                             ; 13          ;
; Total fan-out                               ; 259         ;
; Average fan-out                             ; 1.99        ;
+---------------------------------------------+-------------+


+-----------------------------------------------------------------------------------------------------------------------------------------------------------------------------------------------------------------------------------------------------------------------------------------------+
; Analysis & Synthesis Resource Utilization by Entity                                                                                                                                                                                                                                           ;
+--------------------------------------------------+-------------------+--------------+-------------+------------+--------------+---------+-----------+------+--------------+------------+---------------------------------------------------------------------------------------+--------------+
; Compilation Hierarchy Node                       ; LC Combinationals ; LC Registers ; Memory Bits ; UFM Blocks ; DSP Elements ; DSP 9x9 ; DSP 18x18 ; Pins ; Virtual Pins ; ADC blocks ; Full Hierarchy Name                                                                   ; Library Name ;
+--------------------------------------------------+-------------------+--------------+-------------+------------+--------------+---------+-----------+------+--------------+------------+---------------------------------------------------------------------------------------+--------------+
; |LogicalStep_Lab3_top                            ; 59 (11)           ; 11 (0)       ; 0           ; 0          ; 0            ; 0       ; 0         ; 30   ; 0            ; 0          ; |LogicalStep_Lab3_top                                                                 ; work         ;
;    |Desired_Temp_MUX:VACATION_MODE|              ; 4 (4)             ; 0 (0)        ; 0           ; 0          ; 0            ; 0       ; 0         ; 0    ; 0            ; 0          ; |LogicalStep_Lab3_top|Desired_Temp_MUX:VACATION_MODE                                  ; work         ;
;    |Energy_Monitor_Control_Logic:ENERGY_MONITOR| ; 3 (3)             ; 0 (0)        ; 0           ; 0          ; 0            ; 0       ; 0         ; 0    ; 0            ; 0          ; |LogicalStep_Lab3_top|Energy_Monitor_Control_Logic:ENERGY_MONITOR                     ; work         ;
;    |Four_Bit_Comparator:A_COMPARE_B|             ; 9 (8)             ; 0 (0)        ; 0           ; 0          ; 0            ; 0       ; 0         ; 0    ; 0            ; 0          ; |LogicalStep_Lab3_top|Four_Bit_Comparator:A_COMPARE_B                                 ; work         ;
;       |Single_Bit_Comparator:THRID_BIT|          ; 1 (1)             ; 0 (0)        ; 0           ; 0          ; 0            ; 0       ; 0         ; 0    ; 0            ; 0          ; |LogicalStep_Lab3_top|Four_Bit_Comparator:A_COMPARE_B|Single_Bit_Comparator:THRID_BIT ; work         ;
;    |SevenSegment:INST1|                          ; 7 (7)             ; 0 (0)        ; 0           ; 0          ; 0            ; 0       ; 0         ; 0    ; 0            ; 0          ; |LogicalStep_Lab3_top|SevenSegment:INST1                                              ; work         ;
;    |SevenSegment:INST2|                          ; 7 (7)             ; 0 (0)        ; 0           ; 0          ; 0            ; 0       ; 0         ; 0    ; 0            ; 0          ; |LogicalStep_Lab3_top|SevenSegment:INST2                                              ; work         ;
;    |segment7_mux:INST3|                          ; 18 (18)           ; 11 (11)      ; 0           ; 0          ; 0            ; 0       ; 0         ; 0    ; 0            ; 0          ; |LogicalStep_Lab3_top|segment7_mux:INST3                                              ; work         ;
+--------------------------------------------------+-------------------+--------------+-------------+------------+--------------+---------+-----------+------+--------------+------------+---------------------------------------------------------------------------------------+--------------+
Note: For table entries with two numbers listed, the numbers in parentheses indicate the number of resources of the given type used by the specific entity alone. The numbers listed outside of parentheses indicate the total resources of the given type used by the specific entity and all of its sub-entities in the hierarchy.


+------------------------------------------------------+
; General Register Statistics                          ;
+----------------------------------------------+-------+
; Statistic                                    ; Value ;
+----------------------------------------------+-------+
; Total registers                              ; 11    ;
; Number of registers using Synchronous Clear  ; 0     ;
; Number of registers using Synchronous Load   ; 0     ;
; Number of registers using Asynchronous Clear ; 0     ;
; Number of registers using Asynchronous Load  ; 0     ;
; Number of registers using Clock Enable       ; 0     ;
; Number of registers using Preset             ; 0     ;
+----------------------------------------------+-------+


+-----------------------------------------------------+
; Post-Synthesis Netlist Statistics for Top Partition ;
+-----------------------+-----------------------------+
; Type                  ; Count                       ;
+-----------------------+-----------------------------+
; boundary_port         ; 30                          ;
; cycloneiii_ff         ; 11                          ;
;     plain             ; 11                          ;
; cycloneiii_io_obuf    ; 3                           ;
; cycloneiii_lcell_comb ; 68                          ;
;     arith             ; 9                           ;
;         2 data inputs ; 8                           ;
;         3 data inputs ; 1                           ;
;     normal            ; 59                          ;
;         1 data inputs ; 11                          ;
;         2 data inputs ; 4                           ;
;         3 data inputs ; 15                          ;
;         4 data inputs ; 29                          ;
;                       ;                             ;
; Max LUT depth         ; 6.00                        ;
; Average LUT depth     ; 3.21                        ;
+-----------------------+-----------------------------+


+-------------------------------+
; Elapsed Time Per Partition    ;
+----------------+--------------+
; Partition Name ; Elapsed Time ;
+----------------+--------------+
; Top            ; 00:00:00     ;
+----------------+--------------+


+-------------------------------+
; Analysis & Synthesis Messages ;
+-------------------------------+
Info: *******************************************************************
Info: Running Quartus Prime Analysis & Synthesis
    Info: Version 15.1.0 Build 185 10/21/2015 SJ Standard Edition
    Info: Processing started: Sat Jun 29 16:02:57 2019
Info: Command: quartus_map --read_settings_files=on --write_settings_files=off LogicalStep_Lab3 -c LogicalStep_Lab3_top
Info (20030): Parallel compilation is enabled and will use 2 of the 2 processors detected
Info (12021): Found 2 design units, including 1 entities, in source file logicalstep_lab3_top.vhd
    Info (12022): Found design unit 1: LogicalStep_Lab3_top-Energy_Monitor File: N:/ECE-124/Lab3/LogicalStep_Lab3_top.vhd Line: 18
    Info (12023): Found entity 1: LogicalStep_Lab3_top File: N:/ECE-124/Lab3/LogicalStep_Lab3_top.vhd Line: 6
Info (12021): Found 2 design units, including 1 entities, in source file segment7_mux.vhd
    Info (12022): Found design unit 1: segment7_mux-syn File: N:/ECE-124/Lab3/segment7_mux.vhd Line: 67
    Info (12023): Found entity 1: segment7_mux File: N:/ECE-124/Lab3/segment7_mux.vhd Line: 52
Info (12021): Found 2 design units, including 1 entities, in source file sevensegment.vhd
    Info (12022): Found design unit 1: SevenSegment-Behavioral File: N:/ECE-124/Lab3/SevenSegment.vhd Line: 18
    Info (12023): Found entity 1: SevenSegment File: N:/ECE-124/Lab3/SevenSegment.vhd Line: 10
Info (12021): Found 2 design units, including 1 entities, in source file four_bit_comparator.vhd
    Info (12022): Found design unit 1: Four_Bit_Comparator-Comparator File: N:/ECE-124/Lab3/Four_Bit_Comparator.vhd Line: 14
    Info (12023): Found entity 1: Four_Bit_Comparator File: N:/ECE-124/Lab3/Four_Bit_Comparator.vhd Line: 6
Info (12021): Found 2 design units, including 1 entities, in source file output_files/desired_temp_mux.vhd
    Info (12022): Found design unit 1: Desired_Temp_MUX-Behavioral File: N:/ECE-124/Lab3/output_files/Desired_Temp_Mux.vhd Line: 16
    Info (12023): Found entity 1: Desired_Temp_MUX File: N:/ECE-124/Lab3/output_files/Desired_Temp_Mux.vhd Line: 7
Info (15248): File "N:/ECE-124/Lab3/output_files/segment7_mux.vhd" is a duplicate of already analyzed file "N:/ECE-124/Lab3/segment7_mux.vhd" (same filename, same library name and same md5 digest). Skipping analysis of this file.
Info (12021): Found 0 design units, including 0 entities, in source file output_files/segment7_mux.vhd
Info (15248): File "N:/ECE-124/Lab3/output_files/SevenSegment.vhd" is a duplicate of already analyzed file "N:/ECE-124/Lab3/SevenSegment.vhd" (same filename, same library name and same md5 digest). Skipping analysis of this file.
Info (12021): Found 0 design units, including 0 entities, in source file output_files/sevensegment.vhd
Info (12021): Found 2 design units, including 1 entities, in source file output_files/energy_monitor_control_logic.vhd
    Info (12022): Found design unit 1: Energy_Monitor_Control_Logic-Energy_Monitor File: N:/ECE-124/Lab3/output_files/Energy_Monitor_Control_Logic.vhd Line: 10
    Info (12023): Found entity 1: Energy_Monitor_Control_Logic File: N:/ECE-124/Lab3/output_files/Energy_Monitor_Control_Logic.vhd Line: 5
Info (12127): Elaborating entity "LogicalStep_Lab3_top" for the top level hierarchy
Warning (10492): VHDL Process Statement warning at LogicalStep_Lab3_top.vhd(121): signal "TEST_PASS" is read inside the Process Statement but isn't in the Process Statement's sensitivity list File: N:/ECE-124/Lab3/LogicalStep_Lab3_top.vhd Line: 121
Info (12128): Elaborating entity "Desired_Temp_MUX" for hierarchy "Desired_Temp_MUX:VACATION_MODE" File: N:/ECE-124/Lab3/LogicalStep_Lab3_top.vhd Line: 77
Warning (10492): VHDL Process Statement warning at Desired_Temp_Mux.vhd(22): signal "Desired_Temp" is read inside the Process Statement but isn't in the Process Statement's sensitivity list File: N:/ECE-124/Lab3/output_files/Desired_Temp_Mux.vhd Line: 22
Info (12128): Elaborating entity "SevenSegment" for hierarchy "SevenSegment:INST1" File: N:/ECE-124/Lab3/LogicalStep_Lab3_top.vhd Line: 78
Info (12128): Elaborating entity "segment7_mux" for hierarchy "segment7_mux:INST3" File: N:/ECE-124/Lab3/LogicalStep_Lab3_top.vhd Line: 80
Info (12128): Elaborating entity "Four_Bit_Comparator" for hierarchy "Four_Bit_Comparator:A_COMPARE_B" File: N:/ECE-124/Lab3/LogicalStep_Lab3_top.vhd Line: 81
Warning (12125): Using design file single_bit_comparator.vhd, which is not specified as a design file for the current project, but contains definitions for 2 design units and 1 entities in project
    Info (12022): Found design unit 1: Single_Bit_Comparator-Comparator File: N:/ECE-124/Lab3/single_bit_comparator.vhd Line: 12
    Info (12023): Found entity 1: Single_Bit_Comparator File: N:/ECE-124/Lab3/single_bit_comparator.vhd Line: 6
Info (12128): Elaborating entity "Single_Bit_Comparator" for hierarchy "Four_Bit_Comparator:A_COMPARE_B|Single_Bit_Comparator:FIRST_BIT" File: N:/ECE-124/Lab3/Four_Bit_Comparator.vhd Line: 64
Info (12128): Elaborating entity "Energy_Monitor_Control_Logic" for hierarchy "Energy_Monitor_Control_Logic:ENERGY_MONITOR" File: N:/ECE-124/Lab3/LogicalStep_Lab3_top.vhd Line: 82
Info (286030): Timing-Driven Synthesis is running
Info (16010): Generating hard_block partition "hard_block:auto_generated_inst"
    Info (16011): Adding 0 node(s), including 0 DDIO, 0 PLL, 0 transceiver and 0 LCELL
Info (21057): Implemented 89 device resources after synthesis - the final resource count might be different
    Info (21058): Implemented 13 input pins
    Info (21059): Implemented 17 output pins
    Info (21061): Implemented 59 logic cells
Info: Quartus Prime Analysis & Synthesis was successful. 0 errors, 3 warnings
    Info: Peak virtual memory: 4992 megabytes
    Info: Processing ended: Sat Jun 29 16:03:12 2019
    Info: Elapsed time: 00:00:15
    Info: Total CPU time (on all processors): 00:00:22


